<?xml version="1.0" encoding="UTF-8"?>
<!-- Generated by org.testng.reporters.JUnitReportReporter -->
<testsuite hostname="DESKTOP-3NASMQQ" failures="0" tests="1" name="rahulshettyacademy.tests.ErrorValidations" time="8.201" errors="0" timestamp="2024-02-01T21:29:02 IST" skipped="0">
  <testcase classname="rahulshettyacademy.tests.ErrorValidations" name="voidsubmitOrder" time="8.201"/>
</testsuite> <!-- rahulshettyacademy.tests.ErrorValidations -->
