<?xml version="1.0" encoding="UTF-8"?>
<!-- Generated by org.testng.reporters.JUnitReportReporter -->
<testsuite hostname="DESKTOP-3NASMQQ" failures="0" tests="2" name="rahulshettyacademy.tests.SubmitOrderTest" time="34.453" errors="0" timestamp="2024-02-05T00:32:44 IST" skipped="0">
  <testcase classname="rahulshettyacademy.tests.SubmitOrderTest" name="submitOrder" time="28.281"/>
  <testcase classname="rahulshettyacademy.tests.SubmitOrderTest" name="OrderHistoryTest" time="6.172"/>
</testsuite> <!-- rahulshettyacademy.tests.SubmitOrderTest -->
