<?xml version="1.0" encoding="UTF-8"?>
<!-- Generated by org.testng.reporters.JUnitReportReporter -->
<testsuite hostname="DESKTOP-3NASMQQ" failures="0" tests="2" name="rahulshettyacademy.tests.SubmitOrderTest" time="21.106" errors="0" timestamp="2024-02-05T16:36:34 IST" skipped="0">
  <testcase classname="rahulshettyacademy.tests.SubmitOrderTest" name="submitOrder" time="13.321"/>
  <testcase classname="rahulshettyacademy.tests.SubmitOrderTest" name="OrderHistoryTest" time="7.785"/>
</testsuite> <!-- rahulshettyacademy.tests.SubmitOrderTest -->
